// 重构日志: c79a4afb
// 重构日志: b991d72b
// 同步 ID: 98f66299 @ Fri Jul 10 14:27:45 UTC 2026
// 重构日志: 6c494a01
// 重构日志: fce93196
// 重构日志: fa1b2370
// 重构日志: 5ff9c4ef
// 重构日志: 25f5756b
// 同步 ID: 82690a9d @ Sun Jul 12 14:18:03 UTC 2026
// 同步 ID: 03a4d45d @ Sun Jul 12 18:10:30 UTC 2026
// 重构日志: fdeedf0a
// 同步 ID: a6b76d97 @ Mon Jul 13 12:19:46 UTC 2026
// 重构日志: 9f8e0f25
// 同步 ID: 95eaddaa @ Tue Jul 14 01:06:59 UTC 2026
// 重构日志: 566a7f18
// 同步 ID: 508438c8 @ Wed Jul 15 10:02:15 UTC 2026
// 重构日志: 21a62599
// 重构日志: 703d6a46
// 重构日志: caa599fd
// 重构日志: 1b522b70
// 重构日志: 2862066d
// 重构日志: aa00286e
// 同步 ID: 06f0bbf0 @ Sun Jul 19 01:16:07 UTC 2026
// 同步 ID: 36dcd43c @ Sun Jul 19 12:39:12 UTC 2026
// 重构日志: cf824c41
// 重构日志: fc0407c2
// 重构日志: 29aa46d5
// 重构日志: ca9667c0
// 重构日志: 7a2bada4
// 同步 ID: bd99d99c @ Wed Jul 22 11:05:36 UTC 2026
// 重构日志: 34a1ca48
// 重构日志: 55ecc418
